2021-08-27 15:04:28,006  INFO [main] BasePage:34 - Chrome Initialised
2021-08-27 15:04:36,029  INFO [main] BasePage:45 - Naviated to Bronto Home Page
2021-08-27 15:04:36,599  INFO [main] BasePage:60 - Click on login/Register button
2021-08-27 15:04:36,674  INFO [main] BasePage:24 - click on login as patient
2021-08-27 15:04:36,731  INFO [main] BasePage:31 - click on signup now button for signup form
2021-08-27 15:04:36,828  INFO [main] BasePage:39 - Enter name
2021-08-27 15:04:36,961  INFO [main] BasePage:47 - Enter Email Id
2021-08-27 15:04:37,046  INFO [main] BasePage:55 - Create Password
2021-08-27 15:04:37,126  INFO [main] BasePage:64 - Enter ur mobile no
2021-08-27 15:04:37,127  INFO [main] BasePage:70 - click on Verify option
2021-08-27 15:04:37,555  INFO [main] BasePage:82 - Enter OTP
2021-08-27 15:04:37,555  INFO [main] BasePage:88 - Click on Signup now for submission
2021-08-27 15:04:37,590  INFO [main] BasePage:90 - Patient Signup Test completed successfully
2021-08-27 15:04:37,980  INFO [main] BasePage:73 - Browser closed
2021-08-27 15:04:38,754  INFO [main] BasePage:34 - Chrome Initialised
2021-08-27 15:04:51,666  INFO [main] BasePage:45 - Naviated to Bronto Home Page
2021-08-27 15:04:52,110  INFO [main] BasePage:60 - Click on login/Register button
2021-08-27 15:04:52,172  INFO [main] BasePage:19 - click login as patient 
2021-08-27 15:04:52,309  INFO [main] BasePage:25 - Enter EmailId
2021-08-27 15:04:52,373  INFO [main] BasePage:31 - Enter password
2021-08-27 15:04:52,373  INFO [main] BasePage:38 - Click on login now
2021-08-27 15:04:52,431  INFO [main] BasePage:40 - Patient login Test successfull
2021-08-27 15:04:52,647  INFO [main] BasePage:73 - Browser closed
2021-08-27 15:04:52,813 DEBUG [main] cache:45 - Couldn't find template in cache for "Extent.ftl"("en_IN", UTF-8, parsed); will try to load it.
2021-08-27 15:04:52,814 DEBUG [main] cache:45 - TemplateLoader.findTemplateSource("Extent_en_IN.ftl"): Not found
2021-08-27 15:04:52,816 DEBUG [main] cache:45 - TemplateLoader.findTemplateSource("Extent_en.ftl"): Not found
2021-08-27 15:04:52,817 DEBUG [main] cache:45 - TemplateLoader.findTemplateSource("Extent.ftl"): Found
2021-08-27 15:04:52,817 DEBUG [main] cache:45 - Loading template for "Extent.ftl"("en_IN", UTF-8, parsed) from "jar:file:/C:/Users/Codetru/.m2/repository/com/relevantcodes/extentreports/2.41.2/extentreports-2.41.2.jar!/com/relevantcodes/extentreports/view/Extent.ftl"
2021-08-27 15:04:53,013 DEBUG [main] cache:45 - Couldn't find template in cache for "Extent.ftl"("en_IN", UTF-8, parsed); will try to load it.
2021-08-27 15:04:53,013 DEBUG [main] cache:45 - TemplateLoader.findTemplateSource("Extent_en_IN.ftl"): Not found
2021-08-27 15:04:53,014 DEBUG [main] cache:45 - TemplateLoader.findTemplateSource("Extent_en.ftl"): Not found
2021-08-27 15:04:53,014 DEBUG [main] cache:45 - TemplateLoader.findTemplateSource("Extent.ftl"): Found
2021-08-27 15:04:53,014 DEBUG [main] cache:45 - Loading template for "Extent.ftl"("en_IN", UTF-8, parsed) from "jar:file:/C:/Users/Codetru/.m2/repository/com/relevantcodes/extentreports/2.41.2/extentreports-2.41.2.jar!/com/relevantcodes/extentreports/view/Extent.ftl"
